2020-02-18 19:31:49,256 INFO org.springframework.boot.StartupInfoLogger [main] Starting Application on LAPTOP-DI1OUQ7O with PID 15576 (D:\Programove_Subory\NetBeans\projects\AutoskolaDemoWithSecurity\target\classes started by Dominik in D:\Programove_Subory\NetBeans\projects\AutoskolaDemoWithSecurity)
2020-02-18 19:31:49,269 DEBUG org.springframework.boot.StartupInfoLogger [main] Running with Spring Boot v2.2.2.RELEASE, Spring v5.2.2.RELEASE
2020-02-18 19:31:49,271 INFO org.springframework.boot.SpringApplication [main] No active profile set, falling back to default profiles: default
2020-02-18 19:31:52,626 INFO org.springframework.data.repository.config.RepositoryConfigurationDelegate [main] Bootstrapping Spring Data JPA repositories in DEFAULT mode.
2020-02-18 19:31:52,964 INFO org.springframework.data.repository.config.RepositoryConfigurationDelegate [main] Finished Spring Data repository scanning in 305ms. Found 9 JPA repository interfaces.
2020-02-18 19:31:53,899 INFO org.springframework.context.support.PostProcessorRegistrationDelegate$BeanPostProcessorChecker [main] Bean 'org.springframework.transaction.annotation.ProxyTransactionManagementConfiguration' of type [org.springframework.transaction.annotation.ProxyTransactionManagementConfiguration] is not eligible for getting processed by all BeanPostProcessors (for example: not eligible for auto-proxying)
2020-02-18 19:31:53,952 INFO org.springframework.context.support.PostProcessorRegistrationDelegate$BeanPostProcessorChecker [main] Bean 'org.springframework.security.config.annotation.configuration.ObjectPostProcessorConfiguration' of type [org.springframework.security.config.annotation.configuration.ObjectPostProcessorConfiguration] is not eligible for getting processed by all BeanPostProcessors (for example: not eligible for auto-proxying)
2020-02-18 19:31:53,952 INFO org.springframework.context.support.PostProcessorRegistrationDelegate$BeanPostProcessorChecker [main] Bean 'objectPostProcessor' of type [org.springframework.security.config.annotation.configuration.AutowireBeanFactoryObjectPostProcessor] is not eligible for getting processed by all BeanPostProcessors (for example: not eligible for auto-proxying)
2020-02-18 19:31:53,952 INFO org.springframework.context.support.PostProcessorRegistrationDelegate$BeanPostProcessorChecker [main] Bean 'org.springframework.security.access.expression.method.DefaultMethodSecurityExpressionHandler@20a05b32' of type [org.springframework.security.access.expression.method.DefaultMethodSecurityExpressionHandler] is not eligible for getting processed by all BeanPostProcessors (for example: not eligible for auto-proxying)
2020-02-18 19:31:53,952 INFO org.springframework.context.support.PostProcessorRegistrationDelegate$BeanPostProcessorChecker [main] Bean 'org.springframework.security.config.annotation.method.configuration.GlobalMethodSecurityConfiguration' of type [org.springframework.security.config.annotation.method.configuration.GlobalMethodSecurityConfiguration] is not eligible for getting processed by all BeanPostProcessors (for example: not eligible for auto-proxying)
2020-02-18 19:31:53,968 INFO org.springframework.context.support.PostProcessorRegistrationDelegate$BeanPostProcessorChecker [main] Bean 'org.springframework.security.config.annotation.method.configuration.Jsr250MetadataSourceConfiguration' of type [org.springframework.security.config.annotation.method.configuration.Jsr250MetadataSourceConfiguration] is not eligible for getting processed by all BeanPostProcessors (for example: not eligible for auto-proxying)
2020-02-18 19:31:53,968 INFO org.springframework.context.support.PostProcessorRegistrationDelegate$BeanPostProcessorChecker [main] Bean 'jsr250MethodSecurityMetadataSource' of type [org.springframework.security.access.annotation.Jsr250MethodSecurityMetadataSource] is not eligible for getting processed by all BeanPostProcessors (for example: not eligible for auto-proxying)
2020-02-18 19:31:53,968 INFO org.springframework.context.support.PostProcessorRegistrationDelegate$BeanPostProcessorChecker [main] Bean 'methodSecurityMetadataSource' of type [org.springframework.security.access.method.DelegatingMethodSecurityMetadataSource] is not eligible for getting processed by all BeanPostProcessors (for example: not eligible for auto-proxying)
2020-02-18 19:31:55,261 DEBUG org.springframework.boot.web.servlet.server.DocumentRoot [main] Code archive: C:\Users\Dominik\.m2\repository\org\springframework\boot\spring-boot\2.2.2.RELEASE\spring-boot-2.2.2.RELEASE.jar
2020-02-18 19:31:55,262 DEBUG org.springframework.boot.web.servlet.server.DocumentRoot [main] Code archive: C:\Users\Dominik\.m2\repository\org\springframework\boot\spring-boot\2.2.2.RELEASE\spring-boot-2.2.2.RELEASE.jar
2020-02-18 19:31:55,263 DEBUG org.springframework.boot.web.servlet.server.DocumentRoot [main] None of the document roots [src/main/webapp, public, static] point to a directory and will be ignored.
2020-02-18 19:31:55,317 INFO org.springframework.boot.web.embedded.tomcat.TomcatWebServer [main] Tomcat initialized with port(s): 8443 (https) 8080 (http)
2020-02-18 19:31:55,330 INFO org.apache.juli.logging.DirectJDKLog [main] Initializing ProtocolHandler ["https-jsse-nio-8443"]
2020-02-18 19:31:55,331 INFO org.apache.juli.logging.DirectJDKLog [main] Initializing ProtocolHandler ["http-nio-8080"]
2020-02-18 19:31:55,666 INFO org.apache.juli.logging.DirectJDKLog [main] Starting service [Tomcat]
2020-02-18 19:31:55,666 INFO org.apache.juli.logging.DirectJDKLog [main] Starting Servlet engine: [Apache Tomcat/9.0.29]
2020-02-18 19:31:55,888 INFO org.apache.juli.logging.DirectJDKLog [main] Initializing Spring embedded WebApplicationContext
2020-02-18 19:31:55,888 INFO org.springframework.boot.web.servlet.context.ServletWebServerApplicationContext [main] Root WebApplicationContext: initialization completed in 6458 ms
2020-02-18 19:31:56,399 INFO org.hibernate.jpa.internal.util.LogHelper [main] HHH000204: Processing PersistenceUnitInfo [name: default]
2020-02-18 19:31:56,521 INFO org.hibernate.Version [main] HHH000412: Hibernate Core {5.4.9.Final}
2020-02-18 19:31:56,818 INFO org.hibernate.annotations.common.reflection.java.JavaReflectionManager [main] HCANN000001: Hibernate Commons Annotations {5.1.0.Final}
2020-02-18 19:31:56,982 INFO com.zaxxer.hikari.HikariDataSource [main] HikariPool-1 - Starting...
2020-02-18 19:31:57,344 INFO com.zaxxer.hikari.HikariDataSource [main] HikariPool-1 - Start completed.
2020-02-18 19:31:57,367 INFO org.hibernate.dialect.Dialect [main] HHH000400: Using dialect: org.hibernate.dialect.PostgreSQLDialect
2020-02-18 19:32:01,293 INFO org.hibernate.engine.transaction.jta.platform.internal.JtaPlatformInitiator [main] HHH000490: Using JtaPlatform implementation: [org.hibernate.engine.transaction.jta.platform.internal.NoJtaPlatform]
2020-02-18 19:32:01,301 INFO org.springframework.orm.jpa.AbstractEntityManagerFactoryBean [main] Initialized JPA EntityManagerFactory for persistence unit 'default'
2020-02-18 19:32:02,008 WARN org.springframework.boot.autoconfigure.orm.jpa.JpaBaseConfiguration$JpaWebConfiguration [main] spring.jpa.open-in-view is enabled by default. Therefore, database queries may be performed during view rendering. Explicitly configure spring.jpa.open-in-view to disable this warning
2020-02-18 19:32:03,155 DEBUG org.springframework.web.filter.GenericFilterBean [main] Filter 'logFilter' configured for use
2020-02-18 19:32:03,155 DEBUG org.springframework.web.filter.GenericFilterBean [main] Filter 'filterExceptionHandler' configured for use
2020-02-18 19:32:03,155 DEBUG org.springframework.web.filter.GenericFilterBean [main] Filter 'jwtRequestFilter' configured for use
2020-02-18 19:32:03,849 INFO org.springframework.security.web.DefaultSecurityFilterChain [main] Creating filter chain: any request, [org.springframework.security.web.context.request.async.WebAsyncManagerIntegrationFilter@58e7f930, org.springframework.security.web.context.SecurityContextPersistenceFilter@6afced93, org.springframework.security.web.header.HeaderWriterFilter@25ee3caa, com.example.AutoskolaDemoWithSecurity.filters.FilterExceptionHandler@77ab22be, org.springframework.security.web.authentication.logout.LogoutFilter@52fec840, com.example.AutoskolaDemoWithSecurity.filters.JwtRequestFilter@58b5d5fc, org.springframework.security.web.savedrequest.RequestCacheAwareFilter@22dc9d46, org.springframework.security.web.servletapi.SecurityContextHolderAwareRequestFilter@6369d01c, org.springframework.security.web.authentication.AnonymousAuthenticationFilter@406808eb, org.springframework.security.web.session.SessionManagementFilter@62dfe152, org.springframework.security.web.access.ExceptionTranslationFilter@6a7ea7c, org.springframework.security.web.access.intercept.FilterSecurityInterceptor@76673ed]
2020-02-18 19:32:04,172 INFO org.springframework.scheduling.concurrent.ExecutorConfigurationSupport [main] Initializing ExecutorService 'applicationTaskExecutor'
2020-02-18 19:32:04,608 INFO org.apache.juli.logging.DirectJDKLog [main] Starting ProtocolHandler ["https-jsse-nio-8443"]
2020-02-18 19:32:05,879 INFO org.apache.juli.logging.DirectJDKLog [main] Starting ProtocolHandler ["http-nio-8080"]
2020-02-18 19:32:05,889 INFO org.springframework.boot.web.embedded.tomcat.TomcatWebServer [main] Tomcat started on port(s): 8443 (https) 8080 (http) with context path ''
2020-02-18 19:32:05,912 INFO org.springframework.boot.StartupInfoLogger [main] Started Application in 17.722 seconds (JVM running for 18.604)
2020-02-18 20:01:22,757 INFO org.apache.juli.logging.DirectJDKLog [https-jsse-nio-8443-exec-6] Initializing Spring DispatcherServlet 'dispatcherServlet'
2020-02-18 20:01:22,764 INFO org.springframework.web.servlet.FrameworkServlet [https-jsse-nio-8443-exec-6] Initializing Servlet 'dispatcherServlet'
2020-02-18 20:01:22,807 INFO org.springframework.web.servlet.FrameworkServlet [https-jsse-nio-8443-exec-6] Completed initialization in 42 ms
2020-02-18 20:02:07,063 TRACE com.example.AutoskolaDemoWithSecurity.filters.LogFilter [https-jsse-nio-8443-exec-7] Address: 0:0:0:0:0:0:0:1, Port: 57263, Host: 0:0:0:0:0:0:0:1, User: null, URI: /authenticate/login, method: POST
2020-02-18 20:02:14,211 TRACE com.example.AutoskolaDemoWithSecurity.filters.LogFilter [https-jsse-nio-8443-exec-8] Address: 0:0:0:0:0:0:0:1, Port: 57263, Host: 0:0:0:0:0:0:0:1, User: null, URI: /authenticate/login, method: POST
2020-02-18 20:03:28,192 INFO org.springframework.boot.StartupInfoLogger [main] Starting Application on LAPTOP-DI1OUQ7O with PID 1184 (D:\Programove_Subory\NetBeans\projects\AutoskolaDemoWithSecurity\target\classes started by Dominik in D:\Programove_Subory\NetBeans\projects\AutoskolaDemoWithSecurity)
2020-02-18 20:03:28,194 DEBUG org.springframework.boot.StartupInfoLogger [main] Running with Spring Boot v2.2.2.RELEASE, Spring v5.2.2.RELEASE
2020-02-18 20:03:28,194 INFO org.springframework.boot.SpringApplication [main] No active profile set, falling back to default profiles: default
2020-02-18 20:03:30,013 INFO org.springframework.data.repository.config.RepositoryConfigurationDelegate [main] Bootstrapping Spring Data JPA repositories in DEFAULT mode.
2020-02-18 20:03:30,300 INFO org.springframework.data.repository.config.RepositoryConfigurationDelegate [main] Finished Spring Data repository scanning in 263ms. Found 9 JPA repository interfaces.
2020-02-18 20:03:31,260 INFO org.springframework.context.support.PostProcessorRegistrationDelegate$BeanPostProcessorChecker [main] Bean 'org.springframework.transaction.annotation.ProxyTransactionManagementConfiguration' of type [org.springframework.transaction.annotation.ProxyTransactionManagementConfiguration] is not eligible for getting processed by all BeanPostProcessors (for example: not eligible for auto-proxying)
2020-02-18 20:03:31,364 INFO org.springframework.context.support.PostProcessorRegistrationDelegate$BeanPostProcessorChecker [main] Bean 'org.springframework.security.config.annotation.configuration.ObjectPostProcessorConfiguration' of type [org.springframework.security.config.annotation.configuration.ObjectPostProcessorConfiguration] is not eligible for getting processed by all BeanPostProcessors (for example: not eligible for auto-proxying)
2020-02-18 20:03:31,370 INFO org.springframework.context.support.PostProcessorRegistrationDelegate$BeanPostProcessorChecker [main] Bean 'objectPostProcessor' of type [org.springframework.security.config.annotation.configuration.AutowireBeanFactoryObjectPostProcessor] is not eligible for getting processed by all BeanPostProcessors (for example: not eligible for auto-proxying)
2020-02-18 20:03:31,373 INFO org.springframework.context.support.PostProcessorRegistrationDelegate$BeanPostProcessorChecker [main] Bean 'org.springframework.security.access.expression.method.DefaultMethodSecurityExpressionHandler@204e90f7' of type [org.springframework.security.access.expression.method.DefaultMethodSecurityExpressionHandler] is not eligible for getting processed by all BeanPostProcessors (for example: not eligible for auto-proxying)
2020-02-18 20:03:31,378 INFO org.springframework.context.support.PostProcessorRegistrationDelegate$BeanPostProcessorChecker [main] Bean 'org.springframework.security.config.annotation.method.configuration.GlobalMethodSecurityConfiguration' of type [org.springframework.security.config.annotation.method.configuration.GlobalMethodSecurityConfiguration] is not eligible for getting processed by all BeanPostProcessors (for example: not eligible for auto-proxying)
2020-02-18 20:03:31,390 INFO org.springframework.context.support.PostProcessorRegistrationDelegate$BeanPostProcessorChecker [main] Bean 'org.springframework.security.config.annotation.method.configuration.Jsr250MetadataSourceConfiguration' of type [org.springframework.security.config.annotation.method.configuration.Jsr250MetadataSourceConfiguration] is not eligible for getting processed by all BeanPostProcessors (for example: not eligible for auto-proxying)
2020-02-18 20:03:31,390 INFO org.springframework.context.support.PostProcessorRegistrationDelegate$BeanPostProcessorChecker [main] Bean 'jsr250MethodSecurityMetadataSource' of type [org.springframework.security.access.annotation.Jsr250MethodSecurityMetadataSource] is not eligible for getting processed by all BeanPostProcessors (for example: not eligible for auto-proxying)
2020-02-18 20:03:31,402 INFO org.springframework.context.support.PostProcessorRegistrationDelegate$BeanPostProcessorChecker [main] Bean 'methodSecurityMetadataSource' of type [org.springframework.security.access.method.DelegatingMethodSecurityMetadataSource] is not eligible for getting processed by all BeanPostProcessors (for example: not eligible for auto-proxying)
2020-02-18 20:03:33,453 DEBUG org.springframework.boot.web.servlet.server.DocumentRoot [main] Code archive: C:\Users\Dominik\.m2\repository\org\springframework\boot\spring-boot\2.2.2.RELEASE\spring-boot-2.2.2.RELEASE.jar
2020-02-18 20:03:33,453 DEBUG org.springframework.boot.web.servlet.server.DocumentRoot [main] Code archive: C:\Users\Dominik\.m2\repository\org\springframework\boot\spring-boot\2.2.2.RELEASE\spring-boot-2.2.2.RELEASE.jar
2020-02-18 20:03:33,453 DEBUG org.springframework.boot.web.servlet.server.DocumentRoot [main] None of the document roots [src/main/webapp, public, static] point to a directory and will be ignored.
2020-02-18 20:03:33,499 INFO org.springframework.boot.web.embedded.tomcat.TomcatWebServer [main] Tomcat initialized with port(s): 8443 (https) 8080 (http)
2020-02-18 20:03:33,541 INFO org.apache.juli.logging.DirectJDKLog [main] Initializing ProtocolHandler ["https-jsse-nio-8443"]
2020-02-18 20:03:33,543 INFO org.apache.juli.logging.DirectJDKLog [main] Initializing ProtocolHandler ["http-nio-8080"]
2020-02-18 20:03:33,868 INFO org.apache.juli.logging.DirectJDKLog [main] Starting service [Tomcat]
2020-02-18 20:03:33,869 INFO org.apache.juli.logging.DirectJDKLog [main] Starting Servlet engine: [Apache Tomcat/9.0.29]
2020-02-18 20:03:34,134 INFO org.apache.juli.logging.DirectJDKLog [main] Initializing Spring embedded WebApplicationContext
2020-02-18 20:03:34,134 INFO org.springframework.boot.web.servlet.context.ServletWebServerApplicationContext [main] Root WebApplicationContext: initialization completed in 5820 ms
2020-02-18 20:03:34,721 INFO org.hibernate.jpa.internal.util.LogHelper [main] HHH000204: Processing PersistenceUnitInfo [name: default]
2020-02-18 20:03:34,851 INFO org.hibernate.Version [main] HHH000412: Hibernate Core {5.4.9.Final}
2020-02-18 20:03:35,232 INFO org.hibernate.annotations.common.reflection.java.JavaReflectionManager [main] HCANN000001: Hibernate Commons Annotations {5.1.0.Final}
2020-02-18 20:03:35,558 INFO com.zaxxer.hikari.HikariDataSource [main] HikariPool-1 - Starting...
2020-02-18 20:03:35,770 INFO com.zaxxer.hikari.HikariDataSource [main] HikariPool-1 - Start completed.
2020-02-18 20:03:35,827 INFO org.hibernate.dialect.Dialect [main] HHH000400: Using dialect: org.hibernate.dialect.PostgreSQLDialect
2020-02-18 20:03:39,336 INFO org.hibernate.engine.transaction.jta.platform.internal.JtaPlatformInitiator [main] HHH000490: Using JtaPlatform implementation: [org.hibernate.engine.transaction.jta.platform.internal.NoJtaPlatform]
2020-02-18 20:03:39,348 INFO org.springframework.orm.jpa.AbstractEntityManagerFactoryBean [main] Initialized JPA EntityManagerFactory for persistence unit 'default'
2020-02-18 20:03:40,191 WARN org.springframework.boot.autoconfigure.orm.jpa.JpaBaseConfiguration$JpaWebConfiguration [main] spring.jpa.open-in-view is enabled by default. Therefore, database queries may be performed during view rendering. Explicitly configure spring.jpa.open-in-view to disable this warning
2020-02-18 20:03:41,307 DEBUG org.springframework.web.filter.GenericFilterBean [main] Filter 'logFilter' configured for use
2020-02-18 20:03:41,311 DEBUG org.springframework.web.filter.GenericFilterBean [main] Filter 'filterExceptionHandler' configured for use
2020-02-18 20:03:41,312 DEBUG org.springframework.web.filter.GenericFilterBean [main] Filter 'jwtRequestFilter' configured for use
2020-02-18 20:03:42,021 INFO org.springframework.security.web.DefaultSecurityFilterChain [main] Creating filter chain: any request, [org.springframework.security.web.context.request.async.WebAsyncManagerIntegrationFilter@62f305bc, org.springframework.security.web.context.SecurityContextPersistenceFilter@3f142e87, org.springframework.security.web.header.HeaderWriterFilter@3fecb076, com.example.AutoskolaDemoWithSecurity.filters.FilterExceptionHandler@3762c4fc, org.springframework.security.web.authentication.logout.LogoutFilter@7fd4b9ec, com.example.AutoskolaDemoWithSecurity.filters.JwtRequestFilter@1ad9d5be, org.springframework.security.web.savedrequest.RequestCacheAwareFilter@63c6c5e5, org.springframework.security.web.servletapi.SecurityContextHolderAwareRequestFilter@54e680fe, org.springframework.security.web.authentication.AnonymousAuthenticationFilter@729c8def, org.springframework.security.web.session.SessionManagementFilter@46a0ef6f, org.springframework.security.web.access.ExceptionTranslationFilter@3ee200ae, org.springframework.security.web.access.intercept.FilterSecurityInterceptor@6d41200c]
2020-02-18 20:03:42,307 INFO org.springframework.scheduling.concurrent.ExecutorConfigurationSupport [main] Initializing ExecutorService 'applicationTaskExecutor'
2020-02-18 20:03:42,788 INFO org.apache.juli.logging.DirectJDKLog [main] Starting ProtocolHandler ["https-jsse-nio-8443"]
2020-02-18 20:03:44,136 INFO org.apache.juli.logging.DirectJDKLog [main] Starting ProtocolHandler ["http-nio-8080"]
2020-02-18 20:03:44,152 INFO org.springframework.boot.web.embedded.tomcat.TomcatWebServer [main] Tomcat started on port(s): 8443 (https) 8080 (http) with context path ''
2020-02-18 20:03:44,162 INFO org.springframework.boot.StartupInfoLogger [main] Started Application in 17.15 seconds (JVM running for 18.046)
2020-02-18 20:03:49,447 INFO org.apache.juli.logging.DirectJDKLog [https-jsse-nio-8443-exec-5] Initializing Spring DispatcherServlet 'dispatcherServlet'
2020-02-18 20:03:49,450 INFO org.springframework.web.servlet.FrameworkServlet [https-jsse-nio-8443-exec-5] Initializing Servlet 'dispatcherServlet'
2020-02-18 20:03:49,486 INFO org.springframework.web.servlet.FrameworkServlet [https-jsse-nio-8443-exec-5] Completed initialization in 35 ms
2020-02-18 20:03:49,594 TRACE com.example.AutoskolaDemoWithSecurity.filters.LogFilter [https-jsse-nio-8443-exec-5] Address: 0:0:0:0:0:0:0:1, Port: 57309, Host: 0:0:0:0:0:0:0:1, User: null, URI: /authenticate/login, method: POST
2020-02-18 20:31:09,783 TRACE com.example.AutoskolaDemoWithSecurity.filters.LogFilter [https-jsse-nio-8443-exec-2] Address: 0:0:0:0:0:0:0:1, Port: 57611, Host: 0:0:0:0:0:0:0:1, User: null, URI: /authenticate/login, method: POST
2020-02-18 20:31:31,955 TRACE com.example.AutoskolaDemoWithSecurity.filters.LogFilter [https-jsse-nio-8443-exec-1] Address: 0:0:0:0:0:0:0:1, Port: 57611, Host: 0:0:0:0:0:0:0:1, User: null, URI: /authenticate/login, method: POST
2020-02-18 20:31:34,704 TRACE com.example.AutoskolaDemoWithSecurity.filters.LogFilter [https-jsse-nio-8443-exec-3] Address: 0:0:0:0:0:0:0:1, Port: 57611, Host: 0:0:0:0:0:0:0:1, User: null, URI: /authenticate/login, method: POST
2020-02-18 20:31:41,045 TRACE com.example.AutoskolaDemoWithSecurity.filters.LogFilter [https-jsse-nio-8443-exec-4] Address: 0:0:0:0:0:0:0:1, Port: 57611, Host: 0:0:0:0:0:0:0:1, User: null, URI: /authenticate/login, method: POST
2020-02-18 20:33:15,015 TRACE com.example.AutoskolaDemoWithSecurity.filters.LogFilter [https-jsse-nio-8443-exec-10] Address: 0:0:0:0:0:0:0:1, Port: 57620, Host: 0:0:0:0:0:0:0:1, User: null, URI: /authenticate/login, method: POST
2020-02-18 21:36:04,459 INFO org.springframework.boot.StartupInfoLogger [main] Starting Application on LAPTOP-DI1OUQ7O with PID 12012 (D:\Programove_Subory\NetBeans\projects\AutoskolaDemoWithSecurity\target\classes started by Dominik in D:\Programove_Subory\NetBeans\projects\AutoskolaDemoWithSecurity)
2020-02-18 21:36:04,488 DEBUG org.springframework.boot.StartupInfoLogger [main] Running with Spring Boot v2.2.2.RELEASE, Spring v5.2.2.RELEASE
2020-02-18 21:36:04,495 INFO org.springframework.boot.SpringApplication [main] No active profile set, falling back to default profiles: default
2020-02-18 21:36:09,253 INFO org.springframework.data.repository.config.RepositoryConfigurationDelegate [main] Bootstrapping Spring Data JPA repositories in DEFAULT mode.
2020-02-18 21:36:09,861 INFO org.springframework.data.repository.config.RepositoryConfigurationDelegate [main] Finished Spring Data repository scanning in 582ms. Found 9 JPA repository interfaces.
2020-02-18 21:36:11,797 INFO org.springframework.context.support.PostProcessorRegistrationDelegate$BeanPostProcessorChecker [main] Bean 'org.springframework.transaction.annotation.ProxyTransactionManagementConfiguration' of type [org.springframework.transaction.annotation.ProxyTransactionManagementConfiguration] is not eligible for getting processed by all BeanPostProcessors (for example: not eligible for auto-proxying)
2020-02-18 21:36:11,962 INFO org.springframework.context.support.PostProcessorRegistrationDelegate$BeanPostProcessorChecker [main] Bean 'org.springframework.security.config.annotation.configuration.ObjectPostProcessorConfiguration' of type [org.springframework.security.config.annotation.configuration.ObjectPostProcessorConfiguration] is not eligible for getting processed by all BeanPostProcessors (for example: not eligible for auto-proxying)
2020-02-18 21:36:11,980 INFO org.springframework.context.support.PostProcessorRegistrationDelegate$BeanPostProcessorChecker [main] Bean 'objectPostProcessor' of type [org.springframework.security.config.annotation.configuration.AutowireBeanFactoryObjectPostProcessor] is not eligible for getting processed by all BeanPostProcessors (for example: not eligible for auto-proxying)
2020-02-18 21:36:11,988 INFO org.springframework.context.support.PostProcessorRegistrationDelegate$BeanPostProcessorChecker [main] Bean 'org.springframework.security.access.expression.method.DefaultMethodSecurityExpressionHandler@b0fc838' of type [org.springframework.security.access.expression.method.DefaultMethodSecurityExpressionHandler] is not eligible for getting processed by all BeanPostProcessors (for example: not eligible for auto-proxying)
2020-02-18 21:36:11,993 INFO org.springframework.context.support.PostProcessorRegistrationDelegate$BeanPostProcessorChecker [main] Bean 'org.springframework.security.config.annotation.method.configuration.GlobalMethodSecurityConfiguration' of type [org.springframework.security.config.annotation.method.configuration.GlobalMethodSecurityConfiguration] is not eligible for getting processed by all BeanPostProcessors (for example: not eligible for auto-proxying)
2020-02-18 21:36:12,023 INFO org.springframework.context.support.PostProcessorRegistrationDelegate$BeanPostProcessorChecker [main] Bean 'org.springframework.security.config.annotation.method.configuration.Jsr250MetadataSourceConfiguration' of type [org.springframework.security.config.annotation.method.configuration.Jsr250MetadataSourceConfiguration] is not eligible for getting processed by all BeanPostProcessors (for example: not eligible for auto-proxying)
2020-02-18 21:36:12,023 INFO org.springframework.context.support.PostProcessorRegistrationDelegate$BeanPostProcessorChecker [main] Bean 'jsr250MethodSecurityMetadataSource' of type [org.springframework.security.access.annotation.Jsr250MethodSecurityMetadataSource] is not eligible for getting processed by all BeanPostProcessors (for example: not eligible for auto-proxying)
2020-02-18 21:36:12,028 INFO org.springframework.context.support.PostProcessorRegistrationDelegate$BeanPostProcessorChecker [main] Bean 'methodSecurityMetadataSource' of type [org.springframework.security.access.method.DelegatingMethodSecurityMetadataSource] is not eligible for getting processed by all BeanPostProcessors (for example: not eligible for auto-proxying)
2020-02-18 21:36:15,157 DEBUG org.springframework.boot.web.servlet.server.DocumentRoot [main] Code archive: C:\Users\Dominik\.m2\repository\org\springframework\boot\spring-boot\2.2.2.RELEASE\spring-boot-2.2.2.RELEASE.jar
2020-02-18 21:36:15,159 DEBUG org.springframework.boot.web.servlet.server.DocumentRoot [main] Code archive: C:\Users\Dominik\.m2\repository\org\springframework\boot\spring-boot\2.2.2.RELEASE\spring-boot-2.2.2.RELEASE.jar
2020-02-18 21:36:15,159 DEBUG org.springframework.boot.web.servlet.server.DocumentRoot [main] None of the document roots [src/main/webapp, public, static] point to a directory and will be ignored.
2020-02-18 21:36:15,259 INFO org.springframework.boot.web.embedded.tomcat.TomcatWebServer [main] Tomcat initialized with port(s): 8443 (https) 8080 (http)
2020-02-18 21:36:15,300 INFO org.apache.juli.logging.DirectJDKLog [main] Initializing ProtocolHandler ["https-jsse-nio-8443"]
2020-02-18 21:36:15,302 INFO org.apache.juli.logging.DirectJDKLog [main] Initializing ProtocolHandler ["http-nio-8080"]
2020-02-18 21:36:15,753 INFO org.apache.juli.logging.DirectJDKLog [main] Starting service [Tomcat]
2020-02-18 21:36:15,753 INFO org.apache.juli.logging.DirectJDKLog [main] Starting Servlet engine: [Apache Tomcat/9.0.29]
2020-02-18 21:36:16,315 INFO org.apache.juli.logging.DirectJDKLog [main] Initializing Spring embedded WebApplicationContext
2020-02-18 21:36:16,319 INFO org.springframework.boot.web.servlet.context.ServletWebServerApplicationContext [main] Root WebApplicationContext: initialization completed in 11572 ms
2020-02-18 21:36:17,480 INFO org.hibernate.jpa.internal.util.LogHelper [main] HHH000204: Processing PersistenceUnitInfo [name: default]
2020-02-18 21:36:17,908 INFO org.hibernate.Version [main] HHH000412: Hibernate Core {5.4.9.Final}
2020-02-18 21:36:18,612 INFO org.hibernate.annotations.common.reflection.java.JavaReflectionManager [main] HCANN000001: Hibernate Commons Annotations {5.1.0.Final}
2020-02-18 21:36:19,055 INFO com.zaxxer.hikari.HikariDataSource [main] HikariPool-1 - Starting...
2020-02-18 21:36:19,499 INFO com.zaxxer.hikari.HikariDataSource [main] HikariPool-1 - Start completed.
2020-02-18 21:36:19,580 INFO org.hibernate.dialect.Dialect [main] HHH000400: Using dialect: org.hibernate.dialect.PostgreSQLDialect
2020-02-18 21:36:26,158 INFO org.hibernate.engine.transaction.jta.platform.internal.JtaPlatformInitiator [main] HHH000490: Using JtaPlatform implementation: [org.hibernate.engine.transaction.jta.platform.internal.NoJtaPlatform]
2020-02-18 21:36:26,180 INFO org.springframework.orm.jpa.AbstractEntityManagerFactoryBean [main] Initialized JPA EntityManagerFactory for persistence unit 'default'
2020-02-18 21:36:28,276 WARN org.springframework.boot.autoconfigure.orm.jpa.JpaBaseConfiguration$JpaWebConfiguration [main] spring.jpa.open-in-view is enabled by default. Therefore, database queries may be performed during view rendering. Explicitly configure spring.jpa.open-in-view to disable this warning
2020-02-18 21:36:30,593 DEBUG org.springframework.web.filter.GenericFilterBean [main] Filter 'logFilter' configured for use
2020-02-18 21:36:30,593 DEBUG org.springframework.web.filter.GenericFilterBean [main] Filter 'filterExceptionHandler' configured for use
2020-02-18 21:36:30,593 DEBUG org.springframework.web.filter.GenericFilterBean [main] Filter 'jwtRequestFilter' configured for use
2020-02-18 21:36:32,512 INFO org.springframework.security.web.DefaultSecurityFilterChain [main] Creating filter chain: any request, [org.springframework.security.web.context.request.async.WebAsyncManagerIntegrationFilter@7253c53, org.springframework.security.web.context.SecurityContextPersistenceFilter@32245b66, org.springframework.security.web.header.HeaderWriterFilter@261f5a45, com.example.AutoskolaDemoWithSecurity.filters.FilterExceptionHandler@6a12c7a8, org.springframework.security.web.authentication.logout.LogoutFilter@84becbe, com.example.AutoskolaDemoWithSecurity.filters.JwtRequestFilter@31a4db4f, org.springframework.security.web.savedrequest.RequestCacheAwareFilter@1ff23bd1, org.springframework.security.web.servletapi.SecurityContextHolderAwareRequestFilter@354e2bff, org.springframework.security.web.authentication.AnonymousAuthenticationFilter@66d6e50b, org.springframework.security.web.session.SessionManagementFilter@6fdd3382, org.springframework.security.web.access.ExceptionTranslationFilter@67d8613, org.springframework.security.web.access.intercept.FilterSecurityInterceptor@43a8bd35]
2020-02-18 21:36:33,058 INFO org.springframework.scheduling.concurrent.ExecutorConfigurationSupport [main] Initializing ExecutorService 'applicationTaskExecutor'
2020-02-18 21:36:33,962 INFO org.apache.juli.logging.DirectJDKLog [main] Starting ProtocolHandler ["https-jsse-nio-8443"]
2020-02-18 21:36:35,723 INFO org.apache.juli.logging.DirectJDKLog [main] Starting ProtocolHandler ["http-nio-8080"]
2020-02-18 21:36:35,744 INFO org.springframework.boot.web.embedded.tomcat.TomcatWebServer [main] Tomcat started on port(s): 8443 (https) 8080 (http) with context path ''
2020-02-18 21:36:35,762 INFO org.springframework.boot.StartupInfoLogger [main] Started Application in 33.733 seconds (JVM running for 35.764)
2020-02-18 21:40:42,766 INFO org.apache.juli.logging.DirectJDKLog [https-jsse-nio-8443-exec-6] Initializing Spring DispatcherServlet 'dispatcherServlet'
2020-02-18 21:40:42,768 INFO org.springframework.web.servlet.FrameworkServlet [https-jsse-nio-8443-exec-6] Initializing Servlet 'dispatcherServlet'
2020-02-18 21:40:42,854 INFO org.springframework.web.servlet.FrameworkServlet [https-jsse-nio-8443-exec-6] Completed initialization in 83 ms
2020-02-18 21:40:43,232 TRACE com.example.AutoskolaDemoWithSecurity.filters.LogFilter [https-jsse-nio-8443-exec-6] Address: 0:0:0:0:0:0:0:1, Port: 58294, Host: 0:0:0:0:0:0:0:1, User: null, URI: /authenticate/login, method: POST
2020-02-18 22:01:23,697 INFO org.springframework.boot.StartupInfoLogger [main] Starting Application on LAPTOP-DI1OUQ7O with PID 5860 (D:\Programove_Subory\NetBeans\projects\AutoskolaDemoWithSecurity\target\classes started by Dominik in D:\Programove_Subory\NetBeans\projects\AutoskolaDemoWithSecurity)
2020-02-18 22:01:23,718 DEBUG org.springframework.boot.StartupInfoLogger [main] Running with Spring Boot v2.2.2.RELEASE, Spring v5.2.2.RELEASE
2020-02-18 22:01:23,721 INFO org.springframework.boot.SpringApplication [main] No active profile set, falling back to default profiles: default
2020-02-18 22:01:28,484 INFO org.springframework.data.repository.config.RepositoryConfigurationDelegate [main] Bootstrapping Spring Data JPA repositories in DEFAULT mode.
2020-02-18 22:01:29,100 INFO org.springframework.data.repository.config.RepositoryConfigurationDelegate [main] Finished Spring Data repository scanning in 593ms. Found 9 JPA repository interfaces.
2020-02-18 22:01:30,966 INFO org.springframework.context.support.PostProcessorRegistrationDelegate$BeanPostProcessorChecker [main] Bean 'org.springframework.transaction.annotation.ProxyTransactionManagementConfiguration' of type [org.springframework.transaction.annotation.ProxyTransactionManagementConfiguration] is not eligible for getting processed by all BeanPostProcessors (for example: not eligible for auto-proxying)
2020-02-18 22:01:31,175 INFO org.springframework.context.support.PostProcessorRegistrationDelegate$BeanPostProcessorChecker [main] Bean 'org.springframework.security.config.annotation.configuration.ObjectPostProcessorConfiguration' of type [org.springframework.security.config.annotation.configuration.ObjectPostProcessorConfiguration] is not eligible for getting processed by all BeanPostProcessors (for example: not eligible for auto-proxying)
2020-02-18 22:01:31,195 INFO org.springframework.context.support.PostProcessorRegistrationDelegate$BeanPostProcessorChecker [main] Bean 'objectPostProcessor' of type [org.springframework.security.config.annotation.configuration.AutowireBeanFactoryObjectPostProcessor] is not eligible for getting processed by all BeanPostProcessors (for example: not eligible for auto-proxying)
2020-02-18 22:01:31,210 INFO org.springframework.context.support.PostProcessorRegistrationDelegate$BeanPostProcessorChecker [main] Bean 'org.springframework.security.access.expression.method.DefaultMethodSecurityExpressionHandler@4defd42' of type [org.springframework.security.access.expression.method.DefaultMethodSecurityExpressionHandler] is not eligible for getting processed by all BeanPostProcessors (for example: not eligible for auto-proxying)
2020-02-18 22:01:31,221 INFO org.springframework.context.support.PostProcessorRegistrationDelegate$BeanPostProcessorChecker [main] Bean 'org.springframework.security.config.annotation.method.configuration.GlobalMethodSecurityConfiguration' of type [org.springframework.security.config.annotation.method.configuration.GlobalMethodSecurityConfiguration] is not eligible for getting processed by all BeanPostProcessors (for example: not eligible for auto-proxying)
2020-02-18 22:01:31,233 INFO org.springframework.context.support.PostProcessorRegistrationDelegate$BeanPostProcessorChecker [main] Bean 'org.springframework.security.config.annotation.method.configuration.Jsr250MetadataSourceConfiguration' of type [org.springframework.security.config.annotation.method.configuration.Jsr250MetadataSourceConfiguration] is not eligible for getting processed by all BeanPostProcessors (for example: not eligible for auto-proxying)
2020-02-18 22:01:31,233 INFO org.springframework.context.support.PostProcessorRegistrationDelegate$BeanPostProcessorChecker [main] Bean 'jsr250MethodSecurityMetadataSource' of type [org.springframework.security.access.annotation.Jsr250MethodSecurityMetadataSource] is not eligible for getting processed by all BeanPostProcessors (for example: not eligible for auto-proxying)
2020-02-18 22:01:31,262 INFO org.springframework.context.support.PostProcessorRegistrationDelegate$BeanPostProcessorChecker [main] Bean 'methodSecurityMetadataSource' of type [org.springframework.security.access.method.DelegatingMethodSecurityMetadataSource] is not eligible for getting processed by all BeanPostProcessors (for example: not eligible for auto-proxying)
2020-02-18 22:01:34,563 DEBUG org.springframework.boot.web.servlet.server.DocumentRoot [main] Code archive: C:\Users\Dominik\.m2\repository\org\springframework\boot\spring-boot\2.2.2.RELEASE\spring-boot-2.2.2.RELEASE.jar
2020-02-18 22:01:34,564 DEBUG org.springframework.boot.web.servlet.server.DocumentRoot [main] Code archive: C:\Users\Dominik\.m2\repository\org\springframework\boot\spring-boot\2.2.2.RELEASE\spring-boot-2.2.2.RELEASE.jar
2020-02-18 22:01:34,593 DEBUG org.springframework.boot.web.servlet.server.DocumentRoot [main] None of the document roots [src/main/webapp, public, static] point to a directory and will be ignored.
2020-02-18 22:01:34,720 INFO org.springframework.boot.web.embedded.tomcat.TomcatWebServer [main] Tomcat initialized with port(s): 8443 (https) 8080 (http)
2020-02-18 22:01:34,821 INFO org.apache.juli.logging.DirectJDKLog [main] Initializing ProtocolHandler ["https-jsse-nio-8443"]
2020-02-18 22:01:34,823 INFO org.apache.juli.logging.DirectJDKLog [main] Initializing ProtocolHandler ["http-nio-8080"]
2020-02-18 22:01:36,200 INFO org.apache.juli.logging.DirectJDKLog [main] Starting service [Tomcat]
2020-02-18 22:01:36,200 INFO org.apache.juli.logging.DirectJDKLog [main] Starting Servlet engine: [Apache Tomcat/9.0.29]
2020-02-18 22:01:36,761 INFO org.apache.juli.logging.DirectJDKLog [main] Initializing Spring embedded WebApplicationContext
2020-02-18 22:01:36,762 INFO org.springframework.boot.web.servlet.context.ServletWebServerApplicationContext [main] Root WebApplicationContext: initialization completed in 12873 ms
2020-02-18 22:01:39,274 INFO org.hibernate.jpa.internal.util.LogHelper [main] HHH000204: Processing PersistenceUnitInfo [name: default]
2020-02-18 22:01:39,714 INFO org.hibernate.Version [main] HHH000412: Hibernate Core {5.4.9.Final}
2020-02-18 22:01:40,567 INFO org.hibernate.annotations.common.reflection.java.JavaReflectionManager [main] HCANN000001: Hibernate Commons Annotations {5.1.0.Final}
2020-02-18 22:01:41,056 INFO com.zaxxer.hikari.HikariDataSource [main] HikariPool-1 - Starting...
2020-02-18 22:01:41,525 INFO com.zaxxer.hikari.HikariDataSource [main] HikariPool-1 - Start completed.
2020-02-18 22:01:41,618 INFO org.hibernate.dialect.Dialect [main] HHH000400: Using dialect: org.hibernate.dialect.PostgreSQLDialect
2020-02-18 22:01:48,184 INFO org.hibernate.engine.transaction.jta.platform.internal.JtaPlatformInitiator [main] HHH000490: Using JtaPlatform implementation: [org.hibernate.engine.transaction.jta.platform.internal.NoJtaPlatform]
2020-02-18 22:01:48,199 INFO org.springframework.orm.jpa.AbstractEntityManagerFactoryBean [main] Initialized JPA EntityManagerFactory for persistence unit 'default'
2020-02-18 22:01:49,625 WARN org.springframework.boot.autoconfigure.orm.jpa.JpaBaseConfiguration$JpaWebConfiguration [main] spring.jpa.open-in-view is enabled by default. Therefore, database queries may be performed during view rendering. Explicitly configure spring.jpa.open-in-view to disable this warning
2020-02-18 22:01:51,520 DEBUG org.springframework.web.filter.GenericFilterBean [main] Filter 'logFilter' configured for use
2020-02-18 22:01:51,520 DEBUG org.springframework.web.filter.GenericFilterBean [main] Filter 'filterExceptionHandler' configured for use
2020-02-18 22:01:51,520 DEBUG org.springframework.web.filter.GenericFilterBean [main] Filter 'jwtRequestFilter' configured for use
2020-02-18 22:01:52,853 INFO org.springframework.security.web.DefaultSecurityFilterChain [main] Creating filter chain: any request, [org.springframework.security.web.context.request.async.WebAsyncManagerIntegrationFilter@647aa45c, org.springframework.security.web.context.SecurityContextPersistenceFilter@522fb69, org.springframework.security.web.header.HeaderWriterFilter@5b028f58, com.example.AutoskolaDemoWithSecurity.filters.FilterExceptionHandler@6e4599c0, org.springframework.security.web.authentication.logout.LogoutFilter@4b7a4c83, com.example.AutoskolaDemoWithSecurity.filters.JwtRequestFilter@188ae8d2, org.springframework.security.web.savedrequest.RequestCacheAwareFilter@6dfebd2a, org.springframework.security.web.servletapi.SecurityContextHolderAwareRequestFilter@14e93c46, org.springframework.security.web.authentication.AnonymousAuthenticationFilter@3922b297, org.springframework.security.web.session.SessionManagementFilter@76673ed, org.springframework.security.web.access.ExceptionTranslationFilter@3ac326c0, org.springframework.security.web.access.intercept.FilterSecurityInterceptor@1e836aed]
2020-02-18 22:01:53,240 INFO org.springframework.scheduling.concurrent.ExecutorConfigurationSupport [main] Initializing ExecutorService 'applicationTaskExecutor'
2020-02-18 22:01:53,893 INFO org.apache.juli.logging.DirectJDKLog [main] Starting ProtocolHandler ["https-jsse-nio-8443"]
2020-02-18 22:01:55,397 INFO org.apache.juli.logging.DirectJDKLog [main] Starting ProtocolHandler ["http-nio-8080"]
2020-02-18 22:01:55,425 INFO org.springframework.boot.web.embedded.tomcat.TomcatWebServer [main] Tomcat started on port(s): 8443 (https) 8080 (http) with context path ''
2020-02-18 22:01:55,435 INFO org.springframework.boot.StartupInfoLogger [main] Started Application in 33.185 seconds (JVM running for 34.726)
2020-02-18 22:02:11,534 INFO org.apache.juli.logging.DirectJDKLog [https-jsse-nio-8443-exec-5] Initializing Spring DispatcherServlet 'dispatcherServlet'
2020-02-18 22:02:11,550 INFO org.springframework.web.servlet.FrameworkServlet [https-jsse-nio-8443-exec-5] Initializing Servlet 'dispatcherServlet'
2020-02-18 22:02:11,665 INFO org.springframework.web.servlet.FrameworkServlet [https-jsse-nio-8443-exec-5] Completed initialization in 115 ms
2020-02-18 22:02:11,868 TRACE com.example.AutoskolaDemoWithSecurity.filters.LogFilter [https-jsse-nio-8443-exec-5] Address: 0:0:0:0:0:0:0:1, Port: 58591, Host: 0:0:0:0:0:0:0:1, User: null, URI: /authenticate/login, method: POST
2020-02-18 22:04:44,153 TRACE com.example.AutoskolaDemoWithSecurity.filters.LogFilter [https-jsse-nio-8443-exec-3] Address: 0:0:0:0:0:0:0:1, Port: 58619, Host: 0:0:0:0:0:0:0:1, User: null, URI: /authenticate/register, method: POST
2020-02-18 22:09:45,267 INFO org.springframework.boot.StartupInfoLogger [main] Starting Application on LAPTOP-DI1OUQ7O with PID 2952 (D:\Programove_Subory\NetBeans\projects\AutoskolaDemoWithSecurity\target\classes started by Dominik in D:\Programove_Subory\NetBeans\projects\AutoskolaDemoWithSecurity)
2020-02-18 22:09:45,297 DEBUG org.springframework.boot.StartupInfoLogger [main] Running with Spring Boot v2.2.2.RELEASE, Spring v5.2.2.RELEASE
2020-02-18 22:09:45,301 INFO org.springframework.boot.SpringApplication [main] No active profile set, falling back to default profiles: default
2020-02-18 22:09:48,196 INFO org.springframework.data.repository.config.RepositoryConfigurationDelegate [main] Bootstrapping Spring Data JPA repositories in DEFAULT mode.
2020-02-18 22:09:48,584 INFO org.springframework.data.repository.config.RepositoryConfigurationDelegate [main] Finished Spring Data repository scanning in 361ms. Found 9 JPA repository interfaces.
2020-02-18 22:09:49,875 INFO org.springframework.context.support.PostProcessorRegistrationDelegate$BeanPostProcessorChecker [main] Bean 'org.springframework.transaction.annotation.ProxyTransactionManagementConfiguration' of type [org.springframework.transaction.annotation.ProxyTransactionManagementConfiguration] is not eligible for getting processed by all BeanPostProcessors (for example: not eligible for auto-proxying)
2020-02-18 22:09:49,951 INFO org.springframework.context.support.PostProcessorRegistrationDelegate$BeanPostProcessorChecker [main] Bean 'org.springframework.security.config.annotation.configuration.ObjectPostProcessorConfiguration' of type [org.springframework.security.config.annotation.configuration.ObjectPostProcessorConfiguration] is not eligible for getting processed by all BeanPostProcessors (for example: not eligible for auto-proxying)
2020-02-18 22:09:49,960 INFO org.springframework.context.support.PostProcessorRegistrationDelegate$BeanPostProcessorChecker [main] Bean 'objectPostProcessor' of type [org.springframework.security.config.annotation.configuration.AutowireBeanFactoryObjectPostProcessor] is not eligible for getting processed by all BeanPostProcessors (for example: not eligible for auto-proxying)
2020-02-18 22:09:49,960 INFO org.springframework.context.support.PostProcessorRegistrationDelegate$BeanPostProcessorChecker [main] Bean 'org.springframework.security.access.expression.method.DefaultMethodSecurityExpressionHandler@4defd42' of type [org.springframework.security.access.expression.method.DefaultMethodSecurityExpressionHandler] is not eligible for getting processed by all BeanPostProcessors (for example: not eligible for auto-proxying)
2020-02-18 22:09:49,960 INFO org.springframework.context.support.PostProcessorRegistrationDelegate$BeanPostProcessorChecker [main] Bean 'org.springframework.security.config.annotation.method.configuration.GlobalMethodSecurityConfiguration' of type [org.springframework.security.config.annotation.method.configuration.GlobalMethodSecurityConfiguration] is not eligible for getting processed by all BeanPostProcessors (for example: not eligible for auto-proxying)
2020-02-18 22:09:49,980 INFO org.springframework.context.support.PostProcessorRegistrationDelegate$BeanPostProcessorChecker [main] Bean 'org.springframework.security.config.annotation.method.configuration.Jsr250MetadataSourceConfiguration' of type [org.springframework.security.config.annotation.method.configuration.Jsr250MetadataSourceConfiguration] is not eligible for getting processed by all BeanPostProcessors (for example: not eligible for auto-proxying)
2020-02-18 22:09:49,980 INFO org.springframework.context.support.PostProcessorRegistrationDelegate$BeanPostProcessorChecker [main] Bean 'jsr250MethodSecurityMetadataSource' of type [org.springframework.security.access.annotation.Jsr250MethodSecurityMetadataSource] is not eligible for getting processed by all BeanPostProcessors (for example: not eligible for auto-proxying)
2020-02-18 22:09:49,995 INFO org.springframework.context.support.PostProcessorRegistrationDelegate$BeanPostProcessorChecker [main] Bean 'methodSecurityMetadataSource' of type [org.springframework.security.access.method.DelegatingMethodSecurityMetadataSource] is not eligible for getting processed by all BeanPostProcessors (for example: not eligible for auto-proxying)
2020-02-18 22:09:51,863 DEBUG org.springframework.boot.web.servlet.server.DocumentRoot [main] Code archive: C:\Users\Dominik\.m2\repository\org\springframework\boot\spring-boot\2.2.2.RELEASE\spring-boot-2.2.2.RELEASE.jar
2020-02-18 22:09:51,864 DEBUG org.springframework.boot.web.servlet.server.DocumentRoot [main] Code archive: C:\Users\Dominik\.m2\repository\org\springframework\boot\spring-boot\2.2.2.RELEASE\spring-boot-2.2.2.RELEASE.jar
2020-02-18 22:09:51,866 DEBUG org.springframework.boot.web.servlet.server.DocumentRoot [main] None of the document roots [src/main/webapp, public, static] point to a directory and will be ignored.
2020-02-18 22:09:51,957 INFO org.springframework.boot.web.embedded.tomcat.TomcatWebServer [main] Tomcat initialized with port(s): 8443 (https) 8080 (http)
2020-02-18 22:09:51,991 INFO org.apache.juli.logging.DirectJDKLog [main] Initializing ProtocolHandler ["https-jsse-nio-8443"]
2020-02-18 22:09:51,996 INFO org.apache.juli.logging.DirectJDKLog [main] Initializing ProtocolHandler ["http-nio-8080"]
2020-02-18 22:09:52,441 INFO org.apache.juli.logging.DirectJDKLog [main] Starting service [Tomcat]
2020-02-18 22:09:52,442 INFO org.apache.juli.logging.DirectJDKLog [main] Starting Servlet engine: [Apache Tomcat/9.0.29]
2020-02-18 22:09:52,857 INFO org.apache.juli.logging.DirectJDKLog [main] Initializing Spring embedded WebApplicationContext
2020-02-18 22:09:52,858 INFO org.springframework.boot.web.servlet.context.ServletWebServerApplicationContext [main] Root WebApplicationContext: initialization completed in 7413 ms
2020-02-18 22:09:54,124 INFO org.hibernate.jpa.internal.util.LogHelper [main] HHH000204: Processing PersistenceUnitInfo [name: default]
2020-02-18 22:09:54,542 INFO org.hibernate.Version [main] HHH000412: Hibernate Core {5.4.9.Final}
2020-02-18 22:09:55,190 INFO org.hibernate.annotations.common.reflection.java.JavaReflectionManager [main] HCANN000001: Hibernate Commons Annotations {5.1.0.Final}
2020-02-18 22:09:55,647 INFO com.zaxxer.hikari.HikariDataSource [main] HikariPool-1 - Starting...
2020-02-18 22:09:56,010 INFO com.zaxxer.hikari.HikariDataSource [main] HikariPool-1 - Start completed.
2020-02-18 22:09:56,053 INFO org.hibernate.dialect.Dialect [main] HHH000400: Using dialect: org.hibernate.dialect.PostgreSQLDialect
2020-02-18 22:10:00,979 INFO org.hibernate.engine.transaction.jta.platform.internal.JtaPlatformInitiator [main] HHH000490: Using JtaPlatform implementation: [org.hibernate.engine.transaction.jta.platform.internal.NoJtaPlatform]
2020-02-18 22:10:00,979 INFO org.springframework.orm.jpa.AbstractEntityManagerFactoryBean [main] Initialized JPA EntityManagerFactory for persistence unit 'default'
2020-02-18 22:10:02,144 WARN org.springframework.boot.autoconfigure.orm.jpa.JpaBaseConfiguration$JpaWebConfiguration [main] spring.jpa.open-in-view is enabled by default. Therefore, database queries may be performed during view rendering. Explicitly configure spring.jpa.open-in-view to disable this warning
2020-02-18 22:10:03,971 DEBUG org.springframework.web.filter.GenericFilterBean [main] Filter 'logFilter' configured for use
2020-02-18 22:10:03,973 DEBUG org.springframework.web.filter.GenericFilterBean [main] Filter 'filterExceptionHandler' configured for use
2020-02-18 22:10:03,975 DEBUG org.springframework.web.filter.GenericFilterBean [main] Filter 'jwtRequestFilter' configured for use
2020-02-18 22:10:05,083 INFO org.springframework.security.web.DefaultSecurityFilterChain [main] Creating filter chain: any request, [org.springframework.security.web.context.request.async.WebAsyncManagerIntegrationFilter@4bc41565, org.springframework.security.web.context.SecurityContextPersistenceFilter@2570851e, org.springframework.security.web.header.HeaderWriterFilter@44e3f3e5, com.example.AutoskolaDemoWithSecurity.filters.FilterExceptionHandler@7dffda8b, org.springframework.security.web.authentication.logout.LogoutFilter@7bad18f5, com.example.AutoskolaDemoWithSecurity.filters.JwtRequestFilter@7bdf94f2, org.springframework.security.web.savedrequest.RequestCacheAwareFilter@5667dd90, org.springframework.security.web.servletapi.SecurityContextHolderAwareRequestFilter@593354fa, org.springframework.security.web.authentication.AnonymousAuthenticationFilter@8dedec8, org.springframework.security.web.session.SessionManagementFilter@5300694d, org.springframework.security.web.access.ExceptionTranslationFilter@703e5614, org.springframework.security.web.access.intercept.FilterSecurityInterceptor@5a69b3cf]
2020-02-18 22:10:05,679 INFO org.springframework.scheduling.concurrent.ExecutorConfigurationSupport [main] Initializing ExecutorService 'applicationTaskExecutor'
2020-02-18 22:10:06,660 INFO org.apache.juli.logging.DirectJDKLog [main] Starting ProtocolHandler ["https-jsse-nio-8443"]
2020-02-18 22:10:07,904 INFO org.apache.juli.logging.DirectJDKLog [main] Starting ProtocolHandler ["http-nio-8080"]
2020-02-18 22:10:07,930 INFO org.springframework.boot.web.embedded.tomcat.TomcatWebServer [main] Tomcat started on port(s): 8443 (https) 8080 (http) with context path ''
2020-02-18 22:10:07,939 INFO org.springframework.boot.StartupInfoLogger [main] Started Application in 24.236 seconds (JVM running for 25.308)
2020-02-18 22:10:16,776 INFO org.apache.juli.logging.DirectJDKLog [https-jsse-nio-8443-exec-5] Initializing Spring DispatcherServlet 'dispatcherServlet'
2020-02-18 22:10:16,787 INFO org.springframework.web.servlet.FrameworkServlet [https-jsse-nio-8443-exec-5] Initializing Servlet 'dispatcherServlet'
2020-02-18 22:10:16,851 INFO org.springframework.web.servlet.FrameworkServlet [https-jsse-nio-8443-exec-5] Completed initialization in 63 ms
2020-02-18 22:10:17,120 TRACE com.example.AutoskolaDemoWithSecurity.filters.LogFilter [https-jsse-nio-8443-exec-5] Address: 0:0:0:0:0:0:0:1, Port: 58732, Host: 0:0:0:0:0:0:0:1, User: null, URI: /authenticate/login, method: POST
2020-02-18 22:10:47,145 TRACE com.example.AutoskolaDemoWithSecurity.filters.LogFilter [https-jsse-nio-8443-exec-10] Address: 0:0:0:0:0:0:0:1, Port: 58734, Host: 0:0:0:0:0:0:0:1, User: null, URI: /authenticate/login, method: POST
2020-02-18 22:11:22,734 TRACE com.example.AutoskolaDemoWithSecurity.filters.LogFilter [https-jsse-nio-8443-exec-4] Address: 0:0:0:0:0:0:0:1, Port: 58738, Host: 0:0:0:0:0:0:0:1, User: null, URI: /authenticate/login, method: POST
2020-02-18 22:14:16,217 INFO org.springframework.boot.StartupInfoLogger [main] Starting Application on LAPTOP-DI1OUQ7O with PID 17652 (D:\Programove_Subory\NetBeans\projects\AutoskolaDemoWithSecurity\target\classes started by Dominik in D:\Programove_Subory\NetBeans\projects\AutoskolaDemoWithSecurity)
2020-02-18 22:14:16,226 DEBUG org.springframework.boot.StartupInfoLogger [main] Running with Spring Boot v2.2.2.RELEASE, Spring v5.2.2.RELEASE
2020-02-18 22:14:16,228 INFO org.springframework.boot.SpringApplication [main] No active profile set, falling back to default profiles: default
2020-02-18 22:14:19,165 INFO org.springframework.data.repository.config.RepositoryConfigurationDelegate [main] Bootstrapping Spring Data JPA repositories in DEFAULT mode.
2020-02-18 22:14:19,584 INFO org.springframework.data.repository.config.RepositoryConfigurationDelegate [main] Finished Spring Data repository scanning in 382ms. Found 9 JPA repository interfaces.
2020-02-18 22:14:21,269 INFO org.springframework.context.support.PostProcessorRegistrationDelegate$BeanPostProcessorChecker [main] Bean 'org.springframework.transaction.annotation.ProxyTransactionManagementConfiguration' of type [org.springframework.transaction.annotation.ProxyTransactionManagementConfiguration] is not eligible for getting processed by all BeanPostProcessors (for example: not eligible for auto-proxying)
2020-02-18 22:14:21,393 INFO org.springframework.context.support.PostProcessorRegistrationDelegate$BeanPostProcessorChecker [main] Bean 'org.springframework.security.config.annotation.configuration.ObjectPostProcessorConfiguration' of type [org.springframework.security.config.annotation.configuration.ObjectPostProcessorConfiguration] is not eligible for getting processed by all BeanPostProcessors (for example: not eligible for auto-proxying)
2020-02-18 22:14:21,427 INFO org.springframework.context.support.PostProcessorRegistrationDelegate$BeanPostProcessorChecker [main] Bean 'objectPostProcessor' of type [org.springframework.security.config.annotation.configuration.AutowireBeanFactoryObjectPostProcessor] is not eligible for getting processed by all BeanPostProcessors (for example: not eligible for auto-proxying)
2020-02-18 22:14:21,457 INFO org.springframework.context.support.PostProcessorRegistrationDelegate$BeanPostProcessorChecker [main] Bean 'org.springframework.security.access.expression.method.DefaultMethodSecurityExpressionHandler@3db663d0' of type [org.springframework.security.access.expression.method.DefaultMethodSecurityExpressionHandler] is not eligible for getting processed by all BeanPostProcessors (for example: not eligible for auto-proxying)
2020-02-18 22:14:21,500 INFO org.springframework.context.support.PostProcessorRegistrationDelegate$BeanPostProcessorChecker [main] Bean 'org.springframework.security.config.annotation.method.configuration.GlobalMethodSecurityConfiguration' of type [org.springframework.security.config.annotation.method.configuration.GlobalMethodSecurityConfiguration] is not eligible for getting processed by all BeanPostProcessors (for example: not eligible for auto-proxying)
2020-02-18 22:14:21,573 INFO org.springframework.context.support.PostProcessorRegistrationDelegate$BeanPostProcessorChecker [main] Bean 'org.springframework.security.config.annotation.method.configuration.Jsr250MetadataSourceConfiguration' of type [org.springframework.security.config.annotation.method.configuration.Jsr250MetadataSourceConfiguration] is not eligible for getting processed by all BeanPostProcessors (for example: not eligible for auto-proxying)
2020-02-18 22:14:21,577 INFO org.springframework.context.support.PostProcessorRegistrationDelegate$BeanPostProcessorChecker [main] Bean 'jsr250MethodSecurityMetadataSource' of type [org.springframework.security.access.annotation.Jsr250MethodSecurityMetadataSource] is not eligible for getting processed by all BeanPostProcessors (for example: not eligible for auto-proxying)
2020-02-18 22:14:21,580 INFO org.springframework.context.support.PostProcessorRegistrationDelegate$BeanPostProcessorChecker [main] Bean 'methodSecurityMetadataSource' of type [org.springframework.security.access.method.DelegatingMethodSecurityMetadataSource] is not eligible for getting processed by all BeanPostProcessors (for example: not eligible for auto-proxying)
2020-02-18 22:14:23,320 DEBUG org.springframework.boot.web.servlet.server.DocumentRoot [main] Code archive: C:\Users\Dominik\.m2\repository\org\springframework\boot\spring-boot\2.2.2.RELEASE\spring-boot-2.2.2.RELEASE.jar
2020-02-18 22:14:23,322 DEBUG org.springframework.boot.web.servlet.server.DocumentRoot [main] Code archive: C:\Users\Dominik\.m2\repository\org\springframework\boot\spring-boot\2.2.2.RELEASE\spring-boot-2.2.2.RELEASE.jar
2020-02-18 22:14:23,330 DEBUG org.springframework.boot.web.servlet.server.DocumentRoot [main] None of the document roots [src/main/webapp, public, static] point to a directory and will be ignored.
2020-02-18 22:14:23,434 INFO org.springframework.boot.web.embedded.tomcat.TomcatWebServer [main] Tomcat initialized with port(s): 8443 (https) 8080 (http)
2020-02-18 22:14:23,475 INFO org.apache.juli.logging.DirectJDKLog [main] Initializing ProtocolHandler ["https-jsse-nio-8443"]
2020-02-18 22:14:23,477 INFO org.apache.juli.logging.DirectJDKLog [main] Initializing ProtocolHandler ["http-nio-8080"]
2020-02-18 22:14:23,951 INFO org.apache.juli.logging.DirectJDKLog [main] Starting service [Tomcat]
2020-02-18 22:14:23,953 INFO org.apache.juli.logging.DirectJDKLog [main] Starting Servlet engine: [Apache Tomcat/9.0.29]
2020-02-18 22:14:24,401 INFO org.apache.juli.logging.DirectJDKLog [main] Initializing Spring embedded WebApplicationContext
2020-02-18 22:14:24,401 INFO org.springframework.boot.web.servlet.context.ServletWebServerApplicationContext [main] Root WebApplicationContext: initialization completed in 7964 ms
2020-02-18 22:14:25,467 INFO org.hibernate.jpa.internal.util.LogHelper [main] HHH000204: Processing PersistenceUnitInfo [name: default]
2020-02-18 22:14:25,827 INFO org.hibernate.Version [main] HHH000412: Hibernate Core {5.4.9.Final}
2020-02-18 22:14:26,459 INFO org.hibernate.annotations.common.reflection.java.JavaReflectionManager [main] HCANN000001: Hibernate Commons Annotations {5.1.0.Final}
2020-02-18 22:14:26,968 INFO com.zaxxer.hikari.HikariDataSource [main] HikariPool-1 - Starting...
2020-02-18 22:14:27,266 INFO com.zaxxer.hikari.HikariDataSource [main] HikariPool-1 - Start completed.
2020-02-18 22:14:27,318 INFO org.hibernate.dialect.Dialect [main] HHH000400: Using dialect: org.hibernate.dialect.PostgreSQLDialect
2020-02-18 22:14:32,139 INFO org.hibernate.engine.transaction.jta.platform.internal.JtaPlatformInitiator [main] HHH000490: Using JtaPlatform implementation: [org.hibernate.engine.transaction.jta.platform.internal.NoJtaPlatform]
2020-02-18 22:14:32,153 INFO org.springframework.orm.jpa.AbstractEntityManagerFactoryBean [main] Initialized JPA EntityManagerFactory for persistence unit 'default'
2020-02-18 22:14:33,494 WARN org.springframework.boot.autoconfigure.orm.jpa.JpaBaseConfiguration$JpaWebConfiguration [main] spring.jpa.open-in-view is enabled by default. Therefore, database queries may be performed during view rendering. Explicitly configure spring.jpa.open-in-view to disable this warning
2020-02-18 22:14:35,382 DEBUG org.springframework.web.filter.GenericFilterBean [main] Filter 'logFilter' configured for use
2020-02-18 22:14:35,383 DEBUG org.springframework.web.filter.GenericFilterBean [main] Filter 'filterExceptionHandler' configured for use
2020-02-18 22:14:35,384 DEBUG org.springframework.web.filter.GenericFilterBean [main] Filter 'jwtRequestFilter' configured for use
2020-02-18 22:14:36,547 INFO org.springframework.security.web.DefaultSecurityFilterChain [main] Creating filter chain: any request, [org.springframework.security.web.context.request.async.WebAsyncManagerIntegrationFilter@13dc383b, org.springframework.security.web.context.SecurityContextPersistenceFilter@357cdb00, org.springframework.security.web.header.HeaderWriterFilter@2ee1b017, com.example.AutoskolaDemoWithSecurity.filters.FilterExceptionHandler@58fa5769, org.springframework.security.web.authentication.logout.LogoutFilter@9dbb1d9, com.example.AutoskolaDemoWithSecurity.filters.JwtRequestFilter@446f3a53, org.springframework.security.web.savedrequest.RequestCacheAwareFilter@61607ff0, org.springframework.security.web.servletapi.SecurityContextHolderAwareRequestFilter@703e5614, org.springframework.security.web.authentication.AnonymousAuthenticationFilter@6885f3f7, org.springframework.security.web.session.SessionManagementFilter@42d7e8bc, org.springframework.security.web.access.ExceptionTranslationFilter@698e1bf5, org.springframework.security.web.access.intercept.FilterSecurityInterceptor@5819ee0f]
2020-02-18 22:14:37,335 INFO org.springframework.scheduling.concurrent.ExecutorConfigurationSupport [main] Initializing ExecutorService 'applicationTaskExecutor'
2020-02-18 22:14:38,258 INFO org.apache.juli.logging.DirectJDKLog [main] Starting ProtocolHandler ["https-jsse-nio-8443"]
2020-02-18 22:14:39,709 INFO org.apache.juli.logging.DirectJDKLog [main] Starting ProtocolHandler ["http-nio-8080"]
2020-02-18 22:14:39,752 INFO org.springframework.boot.web.embedded.tomcat.TomcatWebServer [main] Tomcat started on port(s): 8443 (https) 8080 (http) with context path ''
2020-02-18 22:14:39,759 INFO org.springframework.boot.StartupInfoLogger [main] Started Application in 25.2 seconds (JVM running for 26.257)
2020-02-18 22:16:10,832 INFO org.apache.juli.logging.DirectJDKLog [https-jsse-nio-8443-exec-5] Initializing Spring DispatcherServlet 'dispatcherServlet'
2020-02-18 22:16:10,836 INFO org.springframework.web.servlet.FrameworkServlet [https-jsse-nio-8443-exec-5] Initializing Servlet 'dispatcherServlet'
2020-02-18 22:16:10,875 INFO org.springframework.web.servlet.FrameworkServlet [https-jsse-nio-8443-exec-5] Completed initialization in 39 ms
2020-02-18 22:16:11,059 TRACE com.example.AutoskolaDemoWithSecurity.filters.LogFilter [https-jsse-nio-8443-exec-5] Address: 0:0:0:0:0:0:0:1, Port: 58759, Host: 0:0:0:0:0:0:0:1, User: null, URI: /authenticate/login, method: POST
2020-02-18 22:16:52,480 TRACE com.example.AutoskolaDemoWithSecurity.filters.LogFilter [https-jsse-nio-8443-exec-6] Address: 0:0:0:0:0:0:0:1, Port: 58759, Host: 0:0:0:0:0:0:0:1, User: zebrohad@gmail.com, URI: /student/hello, method: GET
2020-02-18 22:20:17,193 INFO org.springframework.boot.StartupInfoLogger [main] Starting Application on LAPTOP-DI1OUQ7O with PID 18712 (D:\Programove_Subory\NetBeans\projects\AutoskolaDemoWithSecurity\target\classes started by Dominik in D:\Programove_Subory\NetBeans\projects\AutoskolaDemoWithSecurity)
2020-02-18 22:20:17,243 DEBUG org.springframework.boot.StartupInfoLogger [main] Running with Spring Boot v2.2.2.RELEASE, Spring v5.2.2.RELEASE
2020-02-18 22:20:17,253 INFO org.springframework.boot.SpringApplication [main] No active profile set, falling back to default profiles: default
2020-02-18 22:20:19,949 INFO org.springframework.data.repository.config.RepositoryConfigurationDelegate [main] Bootstrapping Spring Data JPA repositories in DEFAULT mode.
2020-02-18 22:20:20,361 INFO org.springframework.data.repository.config.RepositoryConfigurationDelegate [main] Finished Spring Data repository scanning in 381ms. Found 9 JPA repository interfaces.
2020-02-18 22:20:21,681 INFO org.springframework.context.support.PostProcessorRegistrationDelegate$BeanPostProcessorChecker [main] Bean 'org.springframework.transaction.annotation.ProxyTransactionManagementConfiguration' of type [org.springframework.transaction.annotation.ProxyTransactionManagementConfiguration] is not eligible for getting processed by all BeanPostProcessors (for example: not eligible for auto-proxying)
2020-02-18 22:20:21,757 INFO org.springframework.context.support.PostProcessorRegistrationDelegate$BeanPostProcessorChecker [main] Bean 'org.springframework.security.config.annotation.configuration.ObjectPostProcessorConfiguration' of type [org.springframework.security.config.annotation.configuration.ObjectPostProcessorConfiguration] is not eligible for getting processed by all BeanPostProcessors (for example: not eligible for auto-proxying)
2020-02-18 22:20:21,763 INFO org.springframework.context.support.PostProcessorRegistrationDelegate$BeanPostProcessorChecker [main] Bean 'objectPostProcessor' of type [org.springframework.security.config.annotation.configuration.AutowireBeanFactoryObjectPostProcessor] is not eligible for getting processed by all BeanPostProcessors (for example: not eligible for auto-proxying)
2020-02-18 22:20:21,768 INFO org.springframework.context.support.PostProcessorRegistrationDelegate$BeanPostProcessorChecker [main] Bean 'org.springframework.security.access.expression.method.DefaultMethodSecurityExpressionHandler@38af1bf6' of type [org.springframework.security.access.expression.method.DefaultMethodSecurityExpressionHandler] is not eligible for getting processed by all BeanPostProcessors (for example: not eligible for auto-proxying)
2020-02-18 22:20:21,773 INFO org.springframework.context.support.PostProcessorRegistrationDelegate$BeanPostProcessorChecker [main] Bean 'org.springframework.security.config.annotation.method.configuration.GlobalMethodSecurityConfiguration' of type [org.springframework.security.config.annotation.method.configuration.GlobalMethodSecurityConfiguration] is not eligible for getting processed by all BeanPostProcessors (for example: not eligible for auto-proxying)
2020-02-18 22:20:21,810 INFO org.springframework.context.support.PostProcessorRegistrationDelegate$BeanPostProcessorChecker [main] Bean 'org.springframework.security.config.annotation.method.configuration.Jsr250MetadataSourceConfiguration' of type [org.springframework.security.config.annotation.method.configuration.Jsr250MetadataSourceConfiguration] is not eligible for getting processed by all BeanPostProcessors (for example: not eligible for auto-proxying)
2020-02-18 22:20:21,814 INFO org.springframework.context.support.PostProcessorRegistrationDelegate$BeanPostProcessorChecker [main] Bean 'jsr250MethodSecurityMetadataSource' of type [org.springframework.security.access.annotation.Jsr250MethodSecurityMetadataSource] is not eligible for getting processed by all BeanPostProcessors (for example: not eligible for auto-proxying)
2020-02-18 22:20:21,821 INFO org.springframework.context.support.PostProcessorRegistrationDelegate$BeanPostProcessorChecker [main] Bean 'methodSecurityMetadataSource' of type [org.springframework.security.access.method.DelegatingMethodSecurityMetadataSource] is not eligible for getting processed by all BeanPostProcessors (for example: not eligible for auto-proxying)
2020-02-18 22:20:23,739 DEBUG org.springframework.boot.web.servlet.server.DocumentRoot [main] Code archive: C:\Users\Dominik\.m2\repository\org\springframework\boot\spring-boot\2.2.2.RELEASE\spring-boot-2.2.2.RELEASE.jar
2020-02-18 22:20:23,744 DEBUG org.springframework.boot.web.servlet.server.DocumentRoot [main] Code archive: C:\Users\Dominik\.m2\repository\org\springframework\boot\spring-boot\2.2.2.RELEASE\spring-boot-2.2.2.RELEASE.jar
2020-02-18 22:20:23,747 DEBUG org.springframework.boot.web.servlet.server.DocumentRoot [main] None of the document roots [src/main/webapp, public, static] point to a directory and will be ignored.
2020-02-18 22:20:23,829 INFO org.springframework.boot.web.embedded.tomcat.TomcatWebServer [main] Tomcat initialized with port(s): 8443 (https) 8080 (http)
2020-02-18 22:20:23,859 INFO org.apache.juli.logging.DirectJDKLog [main] Initializing ProtocolHandler ["https-jsse-nio-8443"]
2020-02-18 22:20:23,860 INFO org.apache.juli.logging.DirectJDKLog [main] Initializing ProtocolHandler ["http-nio-8080"]
2020-02-18 22:20:24,159 INFO org.apache.juli.logging.DirectJDKLog [main] Starting service [Tomcat]
2020-02-18 22:20:24,159 INFO org.apache.juli.logging.DirectJDKLog [main] Starting Servlet engine: [Apache Tomcat/9.0.29]
2020-02-18 22:20:24,377 INFO org.apache.juli.logging.DirectJDKLog [main] Initializing Spring embedded WebApplicationContext
2020-02-18 22:20:24,378 INFO org.springframework.boot.web.servlet.context.ServletWebServerApplicationContext [main] Root WebApplicationContext: initialization completed in 6882 ms
2020-02-18 22:20:24,930 INFO org.hibernate.jpa.internal.util.LogHelper [main] HHH000204: Processing PersistenceUnitInfo [name: default]
2020-02-18 22:20:25,042 INFO org.hibernate.Version [main] HHH000412: Hibernate Core {5.4.9.Final}
2020-02-18 22:20:25,571 INFO org.hibernate.annotations.common.reflection.java.JavaReflectionManager [main] HCANN000001: Hibernate Commons Annotations {5.1.0.Final}
2020-02-18 22:20:25,977 INFO com.zaxxer.hikari.HikariDataSource [main] HikariPool-1 - Starting...
2020-02-18 22:20:26,324 INFO com.zaxxer.hikari.HikariDataSource [main] HikariPool-1 - Start completed.
2020-02-18 22:20:26,362 INFO org.hibernate.dialect.Dialect [main] HHH000400: Using dialect: org.hibernate.dialect.PostgreSQLDialect
2020-02-18 22:20:31,469 INFO org.hibernate.engine.transaction.jta.platform.internal.JtaPlatformInitiator [main] HHH000490: Using JtaPlatform implementation: [org.hibernate.engine.transaction.jta.platform.internal.NoJtaPlatform]
2020-02-18 22:20:31,479 INFO org.springframework.orm.jpa.AbstractEntityManagerFactoryBean [main] Initialized JPA EntityManagerFactory for persistence unit 'default'
2020-02-18 22:20:32,694 WARN org.springframework.boot.autoconfigure.orm.jpa.JpaBaseConfiguration$JpaWebConfiguration [main] spring.jpa.open-in-view is enabled by default. Therefore, database queries may be performed during view rendering. Explicitly configure spring.jpa.open-in-view to disable this warning
2020-02-18 22:20:34,883 DEBUG org.springframework.web.filter.GenericFilterBean [main] Filter 'logFilter' configured for use
2020-02-18 22:20:34,886 DEBUG org.springframework.web.filter.GenericFilterBean [main] Filter 'filterExceptionHandler' configured for use
2020-02-18 22:20:34,887 DEBUG org.springframework.web.filter.GenericFilterBean [main] Filter 'jwtRequestFilter' configured for use
2020-02-18 22:20:36,060 INFO org.springframework.security.web.DefaultSecurityFilterChain [main] Creating filter chain: any request, [org.springframework.security.web.context.request.async.WebAsyncManagerIntegrationFilter@18c0f025, org.springframework.security.web.context.SecurityContextPersistenceFilter@627d5f99, org.springframework.security.web.header.HeaderWriterFilter@7fd4b9ec, com.example.AutoskolaDemoWithSecurity.filters.FilterExceptionHandler@73ae0257, org.springframework.security.web.authentication.logout.LogoutFilter@32245b66, com.example.AutoskolaDemoWithSecurity.filters.JwtRequestFilter@cbdc0f4, org.springframework.security.web.savedrequest.RequestCacheAwareFilter@6be1f37f, org.springframework.security.web.servletapi.SecurityContextHolderAwareRequestFilter@5b028f58, org.springframework.security.web.authentication.AnonymousAuthenticationFilter@684f7f1c, org.springframework.security.web.session.SessionManagementFilter@a44ad33, org.springframework.security.web.access.ExceptionTranslationFilter@4f5c757c, org.springframework.security.web.access.intercept.FilterSecurityInterceptor@6885f3f7]
2020-02-18 22:20:36,643 INFO org.springframework.scheduling.concurrent.ExecutorConfigurationSupport [main] Initializing ExecutorService 'applicationTaskExecutor'
2020-02-18 22:20:37,394 INFO org.apache.juli.logging.DirectJDKLog [main] Starting ProtocolHandler ["https-jsse-nio-8443"]
2020-02-18 22:20:38,876 INFO org.apache.juli.logging.DirectJDKLog [main] Starting ProtocolHandler ["http-nio-8080"]
2020-02-18 22:20:38,892 INFO org.springframework.boot.web.embedded.tomcat.TomcatWebServer [main] Tomcat started on port(s): 8443 (https) 8080 (http) with context path ''
2020-02-18 22:20:38,897 INFO org.springframework.boot.StartupInfoLogger [main] Started Application in 23.408 seconds (JVM running for 24.448)
2020-02-18 22:29:12,332 INFO org.apache.juli.logging.DirectJDKLog [https-jsse-nio-8443-exec-6] Initializing Spring DispatcherServlet 'dispatcherServlet'
2020-02-18 22:29:12,334 INFO org.springframework.web.servlet.FrameworkServlet [https-jsse-nio-8443-exec-6] Initializing Servlet 'dispatcherServlet'
2020-02-18 22:29:12,379 INFO org.springframework.web.servlet.FrameworkServlet [https-jsse-nio-8443-exec-6] Completed initialization in 44 ms
2020-02-18 22:29:12,593 TRACE com.example.AutoskolaDemoWithSecurity.filters.LogFilter [https-jsse-nio-8443-exec-6] Address: 0:0:0:0:0:0:0:1, Port: 58830, Host: 0:0:0:0:0:0:0:1, User: null, URI: /authenticate/login, method: POST
2020-02-18 22:29:15,227 TRACE com.example.AutoskolaDemoWithSecurity.filters.LogFilter [https-jsse-nio-8443-exec-7] Address: 0:0:0:0:0:0:0:1, Port: 58830, Host: 0:0:0:0:0:0:0:1, User: zebrohad@gmail.com, URI: /student/hello, method: GET
2020-02-18 22:29:15,253 ERROR com.example.AutoskolaDemoWithSecurity.controllers.StudentController [https-jsse-nio-8443-exec-7] Error happened
2020-02-18 22:29:48,866 TRACE com.example.AutoskolaDemoWithSecurity.filters.LogFilter [https-jsse-nio-8443-exec-8] Address: 0:0:0:0:0:0:0:1, Port: 58830, Host: 0:0:0:0:0:0:0:1, User: null, URI: /authenticate/login, method: POST
2020-02-18 22:30:02,198 TRACE com.example.AutoskolaDemoWithSecurity.filters.LogFilter [https-jsse-nio-8443-exec-9] Address: 0:0:0:0:0:0:0:1, Port: 58830, Host: 0:0:0:0:0:0:0:1, User: zebrohad@gmail.com, URI: /student/hello, method: GET
2020-02-18 22:30:02,204 ERROR com.example.AutoskolaDemoWithSecurity.controllers.StudentController [https-jsse-nio-8443-exec-9] Error happened
