[30m2020-02-16 20:50:50,605[0;39m [34mINFO [0;39m [[34mmain[0;39m] [33morg.springframework.boot.StartupInfoLogger[0;39m: Starting Application on LAPTOP-DI1OUQ7O with PID 1948 (D:\Programove_Subory\NetBeans\projects\AutoskolaDemoWithSecurity\target\classes started by Dominik in D:\Programove_Subory\NetBeans\projects\AutoskolaDemoWithSecurity)
[30m2020-02-16 20:50:50,620[0;39m [39mDEBUG[0;39m [[34mmain[0;39m] [33morg.springframework.boot.StartupInfoLogger[0;39m: Running with Spring Boot v2.2.2.RELEASE, Spring v5.2.2.RELEASE
[30m2020-02-16 20:50:50,620[0;39m [34mINFO [0;39m [[34mmain[0;39m] [33morg.springframework.boot.SpringApplication[0;39m: No active profile set, falling back to default profiles: default
[30m2020-02-16 20:50:52,651[0;39m [34mINFO [0;39m [[34mmain[0;39m] [33morg.springframework.data.repository.config.RepositoryConfigurationDelegate[0;39m: Bootstrapping Spring Data JPA repositories in DEFAULT mode.
[30m2020-02-16 20:50:52,854[0;39m [34mINFO [0;39m [[34mmain[0;39m] [33morg.springframework.data.repository.config.RepositoryConfigurationDelegate[0;39m: Finished Spring Data repository scanning in 194ms. Found 9 JPA repository interfaces.
[30m2020-02-16 20:50:53,542[0;39m [34mINFO [0;39m [[34mmain[0;39m] [33morg.springframework.context.support.PostProcessorRegistrationDelegate$BeanPostProcessorChecker[0;39m: Bean 'org.springframework.transaction.annotation.ProxyTransactionManagementConfiguration' of type [org.springframework.transaction.annotation.ProxyTransactionManagementConfiguration] is not eligible for getting processed by all BeanPostProcessors (for example: not eligible for auto-proxying)
[30m2020-02-16 20:50:53,588[0;39m [34mINFO [0;39m [[34mmain[0;39m] [33morg.springframework.context.support.PostProcessorRegistrationDelegate$BeanPostProcessorChecker[0;39m: Bean 'org.springframework.security.config.annotation.configuration.ObjectPostProcessorConfiguration' of type [org.springframework.security.config.annotation.configuration.ObjectPostProcessorConfiguration] is not eligible for getting processed by all BeanPostProcessors (for example: not eligible for auto-proxying)
[30m2020-02-16 20:50:53,588[0;39m [34mINFO [0;39m [[34mmain[0;39m] [33morg.springframework.context.support.PostProcessorRegistrationDelegate$BeanPostProcessorChecker[0;39m: Bean 'objectPostProcessor' of type [org.springframework.security.config.annotation.configuration.AutowireBeanFactoryObjectPostProcessor] is not eligible for getting processed by all BeanPostProcessors (for example: not eligible for auto-proxying)
[30m2020-02-16 20:50:53,588[0;39m [34mINFO [0;39m [[34mmain[0;39m] [33morg.springframework.context.support.PostProcessorRegistrationDelegate$BeanPostProcessorChecker[0;39m: Bean 'org.springframework.security.access.expression.method.DefaultMethodSecurityExpressionHandler@149c3204' of type [org.springframework.security.access.expression.method.DefaultMethodSecurityExpressionHandler] is not eligible for getting processed by all BeanPostProcessors (for example: not eligible for auto-proxying)
[30m2020-02-16 20:50:53,588[0;39m [34mINFO [0;39m [[34mmain[0;39m] [33morg.springframework.context.support.PostProcessorRegistrationDelegate$BeanPostProcessorChecker[0;39m: Bean 'org.springframework.security.config.annotation.method.configuration.GlobalMethodSecurityConfiguration' of type [org.springframework.security.config.annotation.method.configuration.GlobalMethodSecurityConfiguration] is not eligible for getting processed by all BeanPostProcessors (for example: not eligible for auto-proxying)
[30m2020-02-16 20:50:53,604[0;39m [34mINFO [0;39m [[34mmain[0;39m] [33morg.springframework.context.support.PostProcessorRegistrationDelegate$BeanPostProcessorChecker[0;39m: Bean 'org.springframework.security.config.annotation.method.configuration.Jsr250MetadataSourceConfiguration' of type [org.springframework.security.config.annotation.method.configuration.Jsr250MetadataSourceConfiguration] is not eligible for getting processed by all BeanPostProcessors (for example: not eligible for auto-proxying)
[30m2020-02-16 20:50:53,604[0;39m [34mINFO [0;39m [[34mmain[0;39m] [33morg.springframework.context.support.PostProcessorRegistrationDelegate$BeanPostProcessorChecker[0;39m: Bean 'jsr250MethodSecurityMetadataSource' of type [org.springframework.security.access.annotation.Jsr250MethodSecurityMetadataSource] is not eligible for getting processed by all BeanPostProcessors (for example: not eligible for auto-proxying)
[30m2020-02-16 20:50:53,620[0;39m [34mINFO [0;39m [[34mmain[0;39m] [33morg.springframework.context.support.PostProcessorRegistrationDelegate$BeanPostProcessorChecker[0;39m: Bean 'methodSecurityMetadataSource' of type [org.springframework.security.access.method.DelegatingMethodSecurityMetadataSource] is not eligible for getting processed by all BeanPostProcessors (for example: not eligible for auto-proxying)
[30m2020-02-16 20:50:54,588[0;39m [39mDEBUG[0;39m [[34mmain[0;39m] [33morg.springframework.boot.web.servlet.server.DocumentRoot[0;39m: Code archive: C:\Users\Dominik\.m2\repository\org\springframework\boot\spring-boot\2.2.2.RELEASE\spring-boot-2.2.2.RELEASE.jar
[30m2020-02-16 20:50:54,588[0;39m [39mDEBUG[0;39m [[34mmain[0;39m] [33morg.springframework.boot.web.servlet.server.DocumentRoot[0;39m: Code archive: C:\Users\Dominik\.m2\repository\org\springframework\boot\spring-boot\2.2.2.RELEASE\spring-boot-2.2.2.RELEASE.jar
[30m2020-02-16 20:50:54,588[0;39m [39mDEBUG[0;39m [[34mmain[0;39m] [33morg.springframework.boot.web.servlet.server.DocumentRoot[0;39m: None of the document roots [src/main/webapp, public, static] point to a directory and will be ignored.
[30m2020-02-16 20:50:54,635[0;39m [34mINFO [0;39m [[34mmain[0;39m] [33morg.springframework.boot.web.embedded.tomcat.TomcatWebServer[0;39m: Tomcat initialized with port(s): 8443 (https) 8080 (http)
[30m2020-02-16 20:50:54,651[0;39m [34mINFO [0;39m [[34mmain[0;39m] [33morg.apache.juli.logging.DirectJDKLog[0;39m: Initializing ProtocolHandler ["https-jsse-nio-8443"]
[30m2020-02-16 20:50:54,651[0;39m [34mINFO [0;39m [[34mmain[0;39m] [33morg.apache.juli.logging.DirectJDKLog[0;39m: Initializing ProtocolHandler ["http-nio-8080"]
[30m2020-02-16 20:50:54,948[0;39m [34mINFO [0;39m [[34mmain[0;39m] [33morg.apache.juli.logging.DirectJDKLog[0;39m: Starting service [Tomcat]
[30m2020-02-16 20:50:54,948[0;39m [34mINFO [0;39m [[34mmain[0;39m] [33morg.apache.juli.logging.DirectJDKLog[0;39m: Starting Servlet engine: [Apache Tomcat/9.0.29]
[30m2020-02-16 20:50:55,244[0;39m [34mINFO [0;39m [[34mmain[0;39m] [33morg.apache.juli.logging.DirectJDKLog[0;39m: Initializing Spring embedded WebApplicationContext
[30m2020-02-16 20:50:55,244[0;39m [34mINFO [0;39m [[34mmain[0;39m] [33morg.springframework.boot.web.servlet.context.ServletWebServerApplicationContext[0;39m: Root WebApplicationContext: initialization completed in 4467 ms
[30m2020-02-16 20:50:55,729[0;39m [34mINFO [0;39m [[34mmain[0;39m] [33morg.hibernate.jpa.internal.util.LogHelper[0;39m: HHH000204: Processing PersistenceUnitInfo [name: default]
[30m2020-02-16 20:50:55,838[0;39m [34mINFO [0;39m [[34mmain[0;39m] [33morg.hibernate.Version[0;39m: HHH000412: Hibernate Core {5.4.9.Final}
[30m2020-02-16 20:50:56,150[0;39m [34mINFO [0;39m [[34mmain[0;39m] [33morg.hibernate.annotations.common.reflection.java.JavaReflectionManager[0;39m: HCANN000001: Hibernate Commons Annotations {5.1.0.Final}
[30m2020-02-16 20:50:56,385[0;39m [34mINFO [0;39m [[34mmain[0;39m] [33mcom.zaxxer.hikari.HikariDataSource[0;39m: HikariPool-1 - Starting...
[30m2020-02-16 20:50:56,619[0;39m [34mINFO [0;39m [[34mmain[0;39m] [33mcom.zaxxer.hikari.HikariDataSource[0;39m: HikariPool-1 - Start completed.
[30m2020-02-16 20:50:56,650[0;39m [34mINFO [0;39m [[34mmain[0;39m] [33morg.hibernate.dialect.Dialect[0;39m: HHH000400: Using dialect: org.hibernate.dialect.PostgreSQLDialect
[30m2020-02-16 20:51:00,743[0;39m [34mINFO [0;39m [[34mmain[0;39m] [33morg.hibernate.engine.transaction.jta.platform.internal.JtaPlatformInitiator[0;39m: HHH000490: Using JtaPlatform implementation: [org.hibernate.engine.transaction.jta.platform.internal.NoJtaPlatform]
[30m2020-02-16 20:51:00,743[0;39m [34mINFO [0;39m [[34mmain[0;39m] [33morg.springframework.orm.jpa.AbstractEntityManagerFactoryBean[0;39m: Initialized JPA EntityManagerFactory for persistence unit 'default'
[30m2020-02-16 20:51:01,790[0;39m [31mWARN [0;39m [[34mmain[0;39m] [33morg.springframework.boot.autoconfigure.orm.jpa.JpaBaseConfiguration$JpaWebConfiguration[0;39m: spring.jpa.open-in-view is enabled by default. Therefore, database queries may be performed during view rendering. Explicitly configure spring.jpa.open-in-view to disable this warning
[30m2020-02-16 20:51:03,133[0;39m [39mDEBUG[0;39m [[34mmain[0;39m] [33morg.springframework.web.filter.GenericFilterBean[0;39m: Filter 'logFilter' configured for use
[30m2020-02-16 20:51:03,133[0;39m [39mDEBUG[0;39m [[34mmain[0;39m] [33morg.springframework.web.filter.GenericFilterBean[0;39m: Filter 'filterExceptionHandler' configured for use
[30m2020-02-16 20:51:03,149[0;39m [39mDEBUG[0;39m [[34mmain[0;39m] [33morg.springframework.web.filter.GenericFilterBean[0;39m: Filter 'jwtRequestFilter' configured for use
[30m2020-02-16 20:51:03,711[0;39m [34mINFO [0;39m [[34mmain[0;39m] [33morg.springframework.security.web.DefaultSecurityFilterChain[0;39m: Creating filter chain: any request, [org.springframework.security.web.context.request.async.WebAsyncManagerIntegrationFilter@32245b66, org.springframework.security.web.context.SecurityContextPersistenceFilter@70a54731, org.springframework.security.web.header.HeaderWriterFilter@2682cccc, com.example.AutoskolaDemoWithSecurity.errorApi.FilterExceptionHandler@ba17be6, org.springframework.security.web.authentication.logout.LogoutFilter@42d7e8bc, com.example.AutoskolaDemoWithSecurity.filters.JwtRequestFilter@16890f00, org.springframework.security.web.savedrequest.RequestCacheAwareFilter@6369d01c, org.springframework.security.web.servletapi.SecurityContextHolderAwareRequestFilter@5b3ee43e, org.springframework.security.web.authentication.AnonymousAuthenticationFilter@19355a56, org.springframework.security.web.session.SessionManagementFilter@63c6c5e5, org.springframework.security.web.access.ExceptionTranslationFilter@28e8dee7, org.springframework.security.web.access.intercept.FilterSecurityInterceptor@1bb0fa38]
[30m2020-02-16 20:51:04,023[0;39m [34mINFO [0;39m [[34mmain[0;39m] [33morg.springframework.scheduling.concurrent.ExecutorConfigurationSupport[0;39m: Initializing ExecutorService 'applicationTaskExecutor'
[30m2020-02-16 20:51:04,430[0;39m [34mINFO [0;39m [[34mmain[0;39m] [33morg.apache.juli.logging.DirectJDKLog[0;39m: Starting ProtocolHandler ["https-jsse-nio-8443"]
[30m2020-02-16 20:51:05,461[0;39m [34mINFO [0;39m [[34mmain[0;39m] [33morg.apache.juli.logging.DirectJDKLog[0;39m: Starting ProtocolHandler ["http-nio-8080"]
[30m2020-02-16 20:51:05,476[0;39m [34mINFO [0;39m [[34mmain[0;39m] [33morg.springframework.boot.web.embedded.tomcat.TomcatWebServer[0;39m: Tomcat started on port(s): 8443 (https) 8080 (http) with context path ''
[30m2020-02-16 20:51:05,476[0;39m [34mINFO [0;39m [[34mmain[0;39m] [33morg.springframework.boot.StartupInfoLogger[0;39m: Started Application in 15.798 seconds (JVM running for 16.438)
